<?xml version="1.0" encoding="UTF-8"?>
<!-- Generated by org.testng.reporters.JUnitReportReporter -->
<testsuite hostname="LAPTOP-FOE8HMU5" failures="0" tests="1" name="testscripts.TestAddtoCart" time="71.169" errors="0" timestamp="2021-01-05T09:25:13 IST" skipped="0">
  <testcase classname="testscripts.TestAddtoCart" name="addtocart" time="71.169"/>
  <system-out>
item added to cart successfully  </system-out>
</testsuite> <!-- testscripts.TestAddtoCart -->
