<?xml version="1.0" encoding="UTF-8"?>
<!-- Generated by org.testng.reporters.JUnitReportReporter -->
<testsuite hostname="LAPTOP-FOE8HMU5" failures="0" tests="1" name="testscripts.TestLogin" time="0.054" errors="0" timestamp="2021-01-04T21:34:47 IST" skipped="0">
  <testcase classname="testscripts.TestLogin" name="amazonsignin" time="0.054"/>
  <system-out>
Login unsuccessfull  </system-out>
</testsuite> <!-- testscripts.TestLogin -->
