<?xml version="1.0" encoding="UTF-8"?>
<!-- Generated by org.testng.reporters.JUnitReportReporter -->
<testsuite hostname="LAPTOP-FOE8HMU5" failures="0" tests="1" name="testscripts.TestLogin" time="39.613" errors="0" timestamp="2021-01-05T09:21:05 IST" skipped="0">
  <testcase classname="testscripts.TestLogin" name="amazonsignin" time="39.613"/>
  <system-out>
Login Successfull  </system-out>
</testsuite> <!-- testscripts.TestLogin -->
